1558976143.183415 client started (49300): version 2.7, socket /private/tmp/tmux-1499956026/default, protocol 8
1558976143.183465 on Darwin 18.0.0 Darwin Kernel Version 18.0.0: Wed Aug 22 20:13:40 PDT 2018; root:xnu-4903.201.2~1/RELEASE_X86_64; libevent 2.1.8-stable (select)
1558976143.183546 socket is /private/tmp/tmux-1499956026/default
1558976143.183580 trying connect
1558976143.183707 add peer 0x7fb936000000: 6 (0x0)
1558976143.185264 sending message 100 to peer 0x7fb936000000 (4 bytes)
1558976143.185288 sending message 101 to peer 0x7fb936000000 (16 bytes)
1558976143.185299 sending message 102 to peer 0x7fb936000000 (13 bytes)
1558976143.185308 sending message 108 to peer 0x7fb936000000 (26 bytes)
1558976143.185326 sending message 104 to peer 0x7fb936000000 (0 bytes)
1558976143.185335 sending message 107 to peer 0x7fb936000000 (4 bytes)
1558976143.185344 sending message 105 to peer 0x7fb936000000 (57 bytes)
1558976143.185353 sending message 105 to peer 0x7fb936000000 (44 bytes)
1558976143.185361 sending message 105 to peer 0x7fb936000000 (21 bytes)
1558976143.185374 sending message 105 to peer 0x7fb936000000 (25 bytes)
1558976143.185410 sending message 105 to peer 0x7fb936000000 (76 bytes)
1558976143.185432 sending message 105 to peer 0x7fb936000000 (66 bytes)
1558976143.185442 sending message 105 to peer 0x7fb936000000 (330 bytes)
1558976143.185452 sending message 105 to peer 0x7fb936000000 (17 bytes)
1558976143.185460 sending message 105 to peer 0x7fb936000000 (19 bytes)
1558976143.185468 sending message 105 to peer 0x7fb936000000 (14 bytes)
1558976143.185477 sending message 105 to peer 0x7fb936000000 (14 bytes)
1558976143.185485 sending message 105 to peer 0x7fb936000000 (17 bytes)
1558976143.185494 sending message 105 to peer 0x7fb936000000 (18 bytes)
1558976143.185502 sending message 105 to peer 0x7fb936000000 (21 bytes)
1558976143.185511 sending message 105 to peer 0x7fb936000000 (20 bytes)
1558976143.185519 sending message 105 to peer 0x7fb936000000 (68 bytes)
1558976143.185528 sending message 105 to peer 0x7fb936000000 (8 bytes)
1558976143.185536 sending message 105 to peer 0x7fb936000000 (30 bytes)
1558976143.185544 sending message 105 to peer 0x7fb936000000 (23 bytes)
1558976143.185553 sending message 105 to peer 0x7fb936000000 (31 bytes)
1558976143.185561 sending message 105 to peer 0x7fb936000000 (11 bytes)
1558976143.185569 sending message 105 to peer 0x7fb936000000 (8 bytes)
1558976143.185578 sending message 105 to peer 0x7fb936000000 (21 bytes)
1558976143.185586 sending message 105 to peer 0x7fb936000000 (32 bytes)
1558976143.185595 sending message 105 to peer 0x7fb936000000 (29 bytes)
1558976143.185603 sending message 105 to peer 0x7fb936000000 (16 bytes)
1558976143.185612 sending message 105 to peer 0x7fb936000000 (46 bytes)
1558976143.185620 sending message 105 to peer 0x7fb936000000 (42 bytes)
1558976143.185629 sending message 105 to peer 0x7fb936000000 (482 bytes)
1558976143.185638 sending message 105 to peer 0x7fb936000000 (56 bytes)
1558976143.185646 sending message 105 to peer 0x7fb936000000 (22 bytes)
1558976143.185655 sending message 106 to peer 0x7fb936000000 (0 bytes)
1558976143.185669 sending message 200 to peer 0x7fb936000000 (4 bytes)
1558976143.185678 client loop enter
1558976143.188079 peer 0x7fb936000000 message 207
1558976143.188111 sending message 208 to peer 0x7fb936000000 (0 bytes)
1558976151.114329 peer 0x7fb936000000 message 203
1558976151.114380 sending message 205 to peer 0x7fb936000000 (0 bytes)
1558976151.114715 peer 0x7fb936000000 message 204
1558976151.114746 client loop exit
